This is pdfTeX, Version 3.1415926-1.40.10 (TeX Live 2009/Debian) (format=pdflatex 2012.8.6)  18 FEB 2014 15:54
entering extended mode
 %&-line parsing enabled.
**lineages.tex
(./lineages.tex
LaTeX2e <2009/09/24>
Babel <v3.8l> and hyphenation patterns for english, usenglishmax, dumylang, noh
yphenation, loaded.
(/usr/share/texmf-texlive/tex/latex/base/article.cls
Document Class: article 2007/10/19 v1.4h Standard LaTeX document class
(/usr/share/texmf-texlive/tex/latex/base/size10.clo
File: size10.clo 2007/10/19 v1.4h Standard LaTeX file (size option)
)
\c@part=\count79
\c@section=\count80
\c@subsection=\count81
\c@subsubsection=\count82
\c@paragraph=\count83
\c@subparagraph=\count84
\c@figure=\count85
\c@table=\count86
\abovecaptionskip=\skip41
\belowcaptionskip=\skip42
\bibindent=\dimen102
)
(/usr/share/texmf-texlive/tex/latex/graphics/graphicx.sty
Package: graphicx 1999/02/16 v1.0f Enhanced LaTeX Graphics (DPC,SPQR)

(/usr/share/texmf-texlive/tex/latex/graphics/keyval.sty
Package: keyval 1999/03/16 v1.13 key=value parser (DPC)
\KV@toks@=\toks14
)
(/usr/share/texmf-texlive/tex/latex/graphics/graphics.sty
Package: graphics 2009/02/05 v1.0o Standard LaTeX Graphics (DPC,SPQR)

(/usr/share/texmf-texlive/tex/latex/graphics/trig.sty
Package: trig 1999/03/16 v1.09 sin cos tan (DPC)
)
(/etc/texmf/tex/latex/config/graphics.cfg
File: graphics.cfg 2009/08/28 v1.8 graphics configuration of TeX Live
)
Package graphics Info: Driver file: pdftex.def on input line 91.

(/usr/share/texmf-texlive/tex/latex/pdftex-def/pdftex.def
File: pdftex.def 2009/08/25 v0.04m Graphics/color for pdfTeX
\Gread@gobject=\count87
))
\Gin@req@height=\dimen103
\Gin@req@width=\dimen104
)
(/usr/share/texmf-texlive/tex/latex/graphics/color.sty
Package: color 2005/11/14 v1.0j Standard LaTeX Color (DPC)

(/etc/texmf/tex/latex/config/color.cfg
File: color.cfg 2007/01/18 v1.5 color configuration of teTeX/TeXLive
)
Package color Info: Driver file: pdftex.def on input line 130.
)
(/usr/share/texmf-texlive/tex/latex/ltxmisc/framed.sty
Package: framed 2007/10/04 v 0.95: framed or shaded text with page breaks
\fb@frw=\dimen105
\fb@frh=\dimen106
\FrameRule=\dimen107
\FrameSep=\dimen108
)
(/usr/share/texmf-texlive/tex/latex/base/alltt.sty
Package: alltt 1997/06/16 v2.0g defines alltt environment
)
(/usr/share/texmf-texlive/tex/latex/base/fontenc.sty
Package: fontenc 2005/09/27 v1.99g Standard LaTeX package

(/usr/share/texmf-texlive/tex/latex/base/t1enc.def
File: t1enc.def 2005/09/27 v1.99g Standard LaTeX file
LaTeX Font Info:    Redeclaring font encoding T1 on input line 43.
))
(/usr/share/texmf-texlive/tex/latex/hyperref/hyperref.sty
Package: hyperref 2009/10/09 v6.79a Hypertext links for LaTeX

(/usr/share/texmf-texlive/tex/generic/oberdiek/ifpdf.sty
Package: ifpdf 2009/04/10 v2.0 Provides the ifpdf switch (HO)
Package ifpdf Info: pdfTeX in pdf mode detected.
)
(/usr/share/texmf-texlive/tex/generic/oberdiek/ifvtex.sty
Package: ifvtex 2008/11/04 v1.4 Switches for detecting VTeX and its modes (HO)
Package ifvtex Info: VTeX not detected.
)
(/usr/share/texmf-texlive/tex/generic/ifxetex/ifxetex.sty
Package: ifxetex 2009/01/23 v0.5 Provides ifxetex conditional
)
(/usr/share/texmf-texlive/tex/latex/oberdiek/hycolor.sty
Package: hycolor 2009/10/02 v1.5 Code for color options of hyperref/bookmark (H
O)

(/usr/share/texmf-texlive/tex/latex/oberdiek/xcolor-patch.sty
Package: xcolor-patch 2009/10/02 xcolor patch
))
\@linkdim=\dimen109
\Hy@linkcounter=\count88
\Hy@pagecounter=\count89

(/usr/share/texmf-texlive/tex/latex/hyperref/pd1enc.def
File: pd1enc.def 2009/10/09 v6.79a Hyperref: PDFDocEncoding definition (HO)
)
(/usr/share/texmf-texlive/tex/generic/oberdiek/etexcmds.sty
Package: etexcmds 2007/12/12 v1.2 Prefix for e-TeX command names (HO)

(/usr/share/texmf-texlive/tex/generic/oberdiek/infwarerr.sty
Package: infwarerr 2007/09/09 v1.2 Providing info/warning/message (HO)
)
Package etexcmds Info: Could not find \expanded.
(etexcmds)             That can mean that you are not using pdfTeX 1.50 or
(etexcmds)             that some package has redefined \expanded.
(etexcmds)             In the latter case, load this package earlier.
)
(/usr/share/texmf-texlive/tex/latex/latexconfig/hyperref.cfg
File: hyperref.cfg 2002/06/06 v1.2 hyperref configuration of TeXLive
)
(/usr/share/texmf-texlive/tex/latex/oberdiek/kvoptions.sty
Package: kvoptions 2009/08/13 v3.4 Keyval support for LaTeX options (HO)

(/usr/share/texmf-texlive/tex/generic/oberdiek/kvsetkeys.sty
Package: kvsetkeys 2009/07/30 v1.5 Key value parser with default handler suppor
t (HO)
))
Package hyperref Info: Hyper figures OFF on input line 2975.
Package hyperref Info: Link nesting OFF on input line 2980.
Package hyperref Info: Hyper index ON on input line 2983.
Package hyperref Info: Plain pages OFF on input line 2990.
Package hyperref Info: Backreferencing OFF on input line 2995.

Implicit mode ON; LaTeX internals redefined
Package hyperref Info: Bookmarks ON on input line 3191.
(/usr/share/texmf-texlive/tex/latex/ltxmisc/url.sty
\Urlmuskip=\muskip10
Package: url 2006/04/12  ver 3.3  Verb mode for urls, etc.
)
LaTeX Info: Redefining \url on input line 3428.

(/usr/share/texmf-texlive/tex/generic/oberdiek/bitset.sty
Package: bitset 2007/09/28 v1.0 Data type bit set (HO)

(/usr/share/texmf-texlive/tex/generic/oberdiek/intcalc.sty
Package: intcalc 2007/09/27 v1.1 Expandable integer calculations (HO)
)
(/usr/share/texmf-texlive/tex/generic/oberdiek/bigintcalc.sty
Package: bigintcalc 2007/11/11 v1.1 Expandable big integer calculations (HO)

(/usr/share/texmf-texlive/tex/generic/oberdiek/pdftexcmds.sty
Package: pdftexcmds 2009/09/23 v0.6 LuaTeX support for pdfTeX utility functions
 (HO)

(/usr/share/texmf-texlive/tex/generic/oberdiek/ifluatex.sty
Package: ifluatex 2009/04/17 v1.2 Provides the ifluatex switch (HO)
Package ifluatex Info: LuaTeX not detected.
)
(/usr/share/texmf-texlive/tex/generic/oberdiek/ltxcmds.sty
Package: ltxcmds 2009/08/05 v1.0 Some LaTeX kernel commands for general use (HO
)
)
Package pdftexcmds Info: LuaTeX not detected.
Package pdftexcmds Info: \pdf@primitive is available.
Package pdftexcmds Info: \pdf@ifprimitive is available.
)))
\Fld@menulength=\count90
\Field@Width=\dimen110
\Fld@charsize=\dimen111
\Field@toks=\toks15
Package hyperref Info: Hyper figures OFF on input line 4377.
Package hyperref Info: Link nesting OFF on input line 4382.
Package hyperref Info: Hyper index ON on input line 4385.
Package hyperref Info: backreferencing OFF on input line 4392.
Package hyperref Info: Link coloring OFF on input line 4397.
Package hyperref Info: Link coloring with OCG OFF on input line 4402.
Package hyperref Info: PDF/A mode OFF on input line 4407.

(/usr/share/texmf-texlive/tex/generic/oberdiek/atbegshi.sty
Package: atbegshi 2008/07/31 v1.9 At begin shipout hook (HO)
)
\Hy@abspage=\count91
\c@Item=\count92
\c@Hfootnote=\count93
)
*hyperref using default driver hpdftex*
(/usr/share/texmf-texlive/tex/latex/hyperref/hpdftex.def
File: hpdftex.def 2009/10/09 v6.79a Hyperref driver for pdfTeX
\Fld@listcount=\count94
)
(/usr/share/texmf-texlive/tex/latex/tools/longtable.sty
Package: longtable 2004/02/01 v4.11 Multi-page Table package (DPC)
\LTleft=\skip43
\LTright=\skip44
\LTpre=\skip45
\LTpost=\skip46
\LTchunksize=\count95
\LTcapwidth=\dimen112
\LT@head=\box26
\LT@firsthead=\box27
\LT@foot=\box28
\LT@lastfoot=\box29
\LT@cols=\count96
\LT@rows=\count97
\c@LT@tables=\count98
\c@LT@chunks=\count99
\LT@p@ftn=\toks16
)
(/usr/share/texmf-texlive/tex/latex/booktabs/booktabs.sty
Package: booktabs 2005/04/14 v1.61803 publication quality tables
\heavyrulewidth=\dimen113
\lightrulewidth=\dimen114
\cmidrulewidth=\dimen115
\belowrulesep=\dimen116
\belowbottomsep=\dimen117
\aboverulesep=\dimen118
\abovetopsep=\dimen119
\cmidrulesep=\dimen120
\cmidrulekern=\dimen121
\defaultaddspace=\dimen122
\@cmidla=\count100
\@cmidlb=\count101
\@aboverulesep=\dimen123
\@belowrulesep=\dimen124
\@thisruleclass=\count102
\@lastruleclass=\count103
\@thisrulewidth=\dimen125
)
(/usr/share/texmf-texlive/tex/latex/pdfpages/pdfpages.sty
Package: pdfpages 2009/02/07 v0.4g Insert pages of external PDF documents (AM)

(/usr/share/texmf-texlive/tex/latex/base/ifthen.sty
Package: ifthen 2001/05/26 v1.1c Standard LaTeX ifthen package (DPC)
)
(/usr/share/texmf-texlive/tex/latex/tools/calc.sty
Package: calc 2007/08/22 v4.3 Infix arithmetic (KKT,FJ)
\calc@Acount=\count104
\calc@Bcount=\count105
\calc@Adimen=\dimen126
\calc@Bdimen=\dimen127
\calc@Askip=\skip47
\calc@Bskip=\skip48
LaTeX Info: Redefining \setlength on input line 76.
LaTeX Info: Redefining \addtolength on input line 77.
\calc@Ccount=\count106
\calc@Cskip=\skip49
)
(/usr/share/texmf-texlive/tex/latex/eso-pic/eso-pic.sty
Package: eso-pic 2006/07/14 v1.1d eso-pic (RN)

(/usr/share/texmf-texlive/tex/latex/ms/everyshi.sty
Package: everyshi 2001/05/15 v3.00 EveryShipout Package (MS)
))
(/usr/share/texmf-texlive/tex/latex/pdfpages/pppdftex.def
File: pppdftex.def 2009/02/07 v0.4g Pdfpages driver for pdfTeX (AM)
)
\AM@pagebox=\box30
\AM@toc@title=\toks17
\c@AM@survey=\count107
\AM@templatesizebox=\box31
)
Package hyperref Info: Option `colorlinks' set `true' on input line 61.

(/usr/share/texmf-texlive/tex/latex/upquote/upquote.sty
Package: upquote 2003/08/11 v1.1 Covington's upright-quote modification to verb
atim and verb

(/usr/share/texmf-texlive/tex/latex/base/textcomp.sty
Package: textcomp 2005/09/27 v1.99g Standard LaTeX package
Package textcomp Info: Sub-encoding information:
(textcomp)               5 = only ISO-Adobe without \textcurrency
(textcomp)               4 = 5 + \texteuro
(textcomp)               3 = 4 + \textohm
(textcomp)               2 = 3 + \textestimated + \textcurrency
(textcomp)               1 = TS1 - \textcircled - \t
(textcomp)               0 = TS1 (full)
(textcomp)             Font families with sub-encoding setting implement
(textcomp)             only a restricted character set as indicated.
(textcomp)             Family '?' is the default used for unknown fonts.
(textcomp)             See the documentation for details.
Package textcomp Info: Setting ? sub-encoding to TS1/1 on input line 71.

(/usr/share/texmf-texlive/tex/latex/base/ts1enc.def
File: ts1enc.def 2001/06/05 v3.0e (jk/car/fm) Standard LaTeX file
)
LaTeX Info: Redefining \oldstylenums on input line 266.
Package textcomp Info: Setting cmr sub-encoding to TS1/0 on input line 281.
Package textcomp Info: Setting cmss sub-encoding to TS1/0 on input line 282.
Package textcomp Info: Setting cmtt sub-encoding to TS1/0 on input line 283.
Package textcomp Info: Setting cmvtt sub-encoding to TS1/0 on input line 284.
Package textcomp Info: Setting cmbr sub-encoding to TS1/0 on input line 285.
Package textcomp Info: Setting cmtl sub-encoding to TS1/0 on input line 286.
Package textcomp Info: Setting ccr sub-encoding to TS1/0 on input line 287.
Package textcomp Info: Setting ptm sub-encoding to TS1/4 on input line 288.
Package textcomp Info: Setting pcr sub-encoding to TS1/4 on input line 289.
Package textcomp Info: Setting phv sub-encoding to TS1/4 on input line 290.
Package textcomp Info: Setting ppl sub-encoding to TS1/3 on input line 291.
Package textcomp Info: Setting pag sub-encoding to TS1/4 on input line 292.
Package textcomp Info: Setting pbk sub-encoding to TS1/4 on input line 293.
Package textcomp Info: Setting pnc sub-encoding to TS1/4 on input line 294.
Package textcomp Info: Setting pzc sub-encoding to TS1/4 on input line 295.
Package textcomp Info: Setting bch sub-encoding to TS1/4 on input line 296.
Package textcomp Info: Setting put sub-encoding to TS1/5 on input line 297.
Package textcomp Info: Setting uag sub-encoding to TS1/5 on input line 298.
Package textcomp Info: Setting ugq sub-encoding to TS1/5 on input line 299.
Package textcomp Info: Setting ul8 sub-encoding to TS1/4 on input line 300.
Package textcomp Info: Setting ul9 sub-encoding to TS1/4 on input line 301.
Package textcomp Info: Setting augie sub-encoding to TS1/5 on input line 302.
Package textcomp Info: Setting dayrom sub-encoding to TS1/3 on input line 303.
Package textcomp Info: Setting dayroms sub-encoding to TS1/3 on input line 304.

Package textcomp Info: Setting pxr sub-encoding to TS1/0 on input line 305.
Package textcomp Info: Setting pxss sub-encoding to TS1/0 on input line 306.
Package textcomp Info: Setting pxtt sub-encoding to TS1/0 on input line 307.
Package textcomp Info: Setting txr sub-encoding to TS1/0 on input line 308.
Package textcomp Info: Setting txss sub-encoding to TS1/0 on input line 309.
Package textcomp Info: Setting txtt sub-encoding to TS1/0 on input line 310.
Package textcomp Info: Setting futs sub-encoding to TS1/4 on input line 311.
Package textcomp Info: Setting futx sub-encoding to TS1/4 on input line 312.
Package textcomp Info: Setting futj sub-encoding to TS1/4 on input line 313.
Package textcomp Info: Setting hlh sub-encoding to TS1/3 on input line 314.
Package textcomp Info: Setting hls sub-encoding to TS1/3 on input line 315.
Package textcomp Info: Setting hlst sub-encoding to TS1/3 on input line 316.
Package textcomp Info: Setting hlct sub-encoding to TS1/5 on input line 317.
Package textcomp Info: Setting hlx sub-encoding to TS1/5 on input line 318.
Package textcomp Info: Setting hlce sub-encoding to TS1/5 on input line 319.
Package textcomp Info: Setting hlcn sub-encoding to TS1/5 on input line 320.
Package textcomp Info: Setting hlcw sub-encoding to TS1/5 on input line 321.
Package textcomp Info: Setting hlcf sub-encoding to TS1/5 on input line 322.
Package textcomp Info: Setting pplx sub-encoding to TS1/3 on input line 323.
Package textcomp Info: Setting pplj sub-encoding to TS1/3 on input line 324.
Package textcomp Info: Setting ptmx sub-encoding to TS1/4 on input line 325.
Package textcomp Info: Setting ptmj sub-encoding to TS1/4 on input line 326.
)) (./lineages.aux)
\openout1 = `lineages.aux'.

LaTeX Font Info:    Checking defaults for OML/cmm/m/it on input line 70.
LaTeX Font Info:    ... okay on input line 70.
LaTeX Font Info:    Checking defaults for T1/cmr/m/n on input line 70.
LaTeX Font Info:    ... okay on input line 70.
LaTeX Font Info:    Checking defaults for OT1/cmr/m/n on input line 70.
LaTeX Font Info:    ... okay on input line 70.
LaTeX Font Info:    Checking defaults for OMS/cmsy/m/n on input line 70.
LaTeX Font Info:    ... okay on input line 70.
LaTeX Font Info:    Checking defaults for OMX/cmex/m/n on input line 70.
LaTeX Font Info:    ... okay on input line 70.
LaTeX Font Info:    Checking defaults for U/cmr/m/n on input line 70.
LaTeX Font Info:    ... okay on input line 70.
LaTeX Font Info:    Checking defaults for PD1/pdf/m/n on input line 70.
LaTeX Font Info:    ... okay on input line 70.
LaTeX Font Info:    Checking defaults for TS1/cmr/m/n on input line 70.
LaTeX Font Info:    Try loading font information for TS1+cmr on input line 70.

(/usr/share/texmf-texlive/tex/latex/base/ts1cmr.fd
File: ts1cmr.fd 1999/05/25 v2.5h Standard LaTeX font definitions
)
LaTeX Font Info:    ... okay on input line 70.

(/usr/share/texmf-texlive/tex/context/base/supp-pdf.mkii
[Loading MPS to PDF converter (version 2006.09.02).]
\scratchcounter=\count108
\scratchdimen=\dimen128
\scratchbox=\box32
\nofMPsegments=\count109
\nofMParguments=\count110
\everyMPshowfont=\toks18
\MPscratchCnt=\count111
\MPscratchDim=\dimen129
\MPnumerator=\count112
\everyMPtoPDFconversion=\toks19
)
Package hyperref Info: Link coloring ON on input line 70.
 (/usr/share/texmf-texlive/tex/latex/hyperref/nameref.sty
Package: nameref 2007/05/29 v2.31 Cross-referencing by name of section

(/usr/share/texmf-texlive/tex/latex/oberdiek/refcount.sty
Package: refcount 2008/08/11 v3.1 Data extraction from references (HO)
)
\c@section@level=\count113
)
LaTeX Info: Redefining \ref on input line 70.
LaTeX Info: Redefining \pageref on input line 70.
 (./lineages.out)
(./lineages.out)
\@outlinefile=\write3
\openout3 = `lineages.out'.

\AtBeginShipoutBox=\box33
 ABD: EveryShipout initializing macros
LaTeX Font Info:    External font `cmex10' loaded for size
(Font)              <12> on input line 75.
LaTeX Font Info:    External font `cmex10' loaded for size
(Font)              <8> on input line 75.
LaTeX Font Info:    External font `cmex10' loaded for size
(Font)              <6> on input line 75.
 [1

{/var/lib/texmf/fonts/map/pdftex/updmap/pdftex.map}] (./lineages.toc
LaTeX Font Info:    External font `cmex10' loaded for size
(Font)              <7> on input line 3.
LaTeX Font Info:    External font `cmex10' loaded for size
(Font)              <5> on input line 3.
)
\tf@toc=\write4
\openout4 = `lineages.toc'.

 (./lineages.lof)
\tf@lof=\write5
\openout5 = `lineages.lof'.


(./lineages.lot)
\tf@lot=\write6
\openout6 = `lineages.lot'.

 [2]
LaTeX Font Info:    Try loading font information for T1+cmtt on input line 121.

 (/usr/share/texmf-texlive/tex/latex/base/t1cmtt.fd
File: t1cmtt.fd 1999/05/25 v2.5h Standard LaTeX font definitions
)
Overfull \hbox (43.40515pt too wide) in paragraph at lines 121--122
\T1/cmtt/m/n/10 www . broadinstitute . org / annotation / genome / phytophthora
 _ infestans / MultiHome .
 []

[3]
Package color Info: Redefining color shadecolor on input line 146.
 <figure/plot_unfilter.pdf, id=106, 505.89pt x 505.89pt>
File: figure/plot_unfilter.pdf Graphic file (type pdf)

<use figure/plot_unfilter.pdf>

LaTeX Warning: `!h' float specifier changed to `!ht'.

Package color Info: Redefining color shadecolor on input line 159.
<figure/plot_filter.pdf, id=107, 505.89pt x 505.89pt>
File: figure/plot_filter.pdf Graphic file (type pdf)

<use figure/plot_filter.pdf>

LaTeX Warning: `!h' float specifier changed to `!ht'.

Package color Info: Redefining color shadecolor on input line 169.
Package color Info: Redefining color shadecolor on input line 182.
<figure/chromogc.pdf, id=108, 505.89pt x 505.89pt>
File: figure/chromogc.pdf Graphic file (type pdf)
 <use figure/chromogc.pdf>

LaTeX Warning: `!h' float specifier changed to `!ht'.

[4] <Beast_branchlenghts.jpg, id=116, 1262.7978pt x 892.2936pt>
File: Beast_branchlenghts.jpg Graphic file (type jpg)

<use Beast_branchlenghts.jpg>
Overfull \hbox (33.84227pt too wide) in paragraph at lines 219--220
 [][] 
 []


LaTeX Warning: `!h' float specifier changed to `!ht'.


LaTeX Warning: Reference `fig:SNP_Trace' on page 5 undefined on input line 226.


[5 <./figure/plot_unfilter.pdf>] [6 <./figure/plot_filter.pdf>]
<All_traces.pdf, id=139, page=1, 614.295pt x 794.97pt>
File: All_traces.pdf Graphic file (type pdf)

<use All_traces.pdf, page 1>
File: All_traces.pdf Graphic file (type pdf)
 <use All_traces.pdf, page 1>
File: All_traces.pdf Graphic file (type pdf)

<use All_traces.pdf, page 1>
File: All_traces.pdf Graphic file (type pdf)
 <use All_traces.pdf, page 1>
<All_traces.pdf, id=140, page=2, 614.295pt x 794.97pt>
File: All_traces.pdf Graphic file (type pdf)

<use All_traces.pdf, page 2>
File: All_traces.pdf Graphic file (type pdf)
 <use All_traces.pdf, page 2>
<All_traces.pdf, id=141, page=3, 614.295pt x 794.97pt>
File: All_traces.pdf Graphic file (type pdf)

<use All_traces.pdf, page 3>
File: All_traces.pdf Graphic file (type pdf)
 <use All_traces.pdf, page 3>
<All_traces.pdf, id=142, page=4, 614.295pt x 794.97pt>
File: All_traces.pdf Graphic file (type pdf)

<use All_traces.pdf, page 4>
File: All_traces.pdf Graphic file (type pdf)
 <use All_traces.pdf, page 4>
File: All_traces.pdf Graphic file (type pdf)

<use All_traces.pdf, page 1>
File: All_traces.pdf Graphic file (type pdf)
 <use All_traces.pdf, page 2>
File: All_traces.pdf Graphic file (type pdf)

<use All_traces.pdf, page 3>
File: All_traces.pdf Graphic file (type pdf)
 <use All_traces.pdf, page 4> [7 <./All_traces.pdf> <./All_traces.pdf> <./All_t
races.pdf> <./All_traces.pdf> <./figure/chromogc.pdf>] <All_traces.pdf, id=189,
 page=5, 614.295pt x 794.97pt>
File: All_traces.pdf Graphic file (type pdf)

<use All_traces.pdf, page 5>
File: All_traces.pdf Graphic file (type pdf)
 <use All_traces.pdf, page 5>
<All_traces.pdf, id=190, page=6, 614.295pt x 794.97pt>
File: All_traces.pdf Graphic file (type pdf)

<use All_traces.pdf, page 6>
File: All_traces.pdf Graphic file (type pdf)
 <use All_traces.pdf, page 6>
<All_traces.pdf, id=191, page=7, 614.295pt x 794.97pt>
File: All_traces.pdf Graphic file (type pdf)

<use All_traces.pdf, page 7>
File: All_traces.pdf Graphic file (type pdf)
 <use All_traces.pdf, page 7>
<All_traces.pdf, id=192, page=8, 614.295pt x 794.97pt>
File: All_traces.pdf Graphic file (type pdf)

<use All_traces.pdf, page 8>
File: All_traces.pdf Graphic file (type pdf)
 <use All_traces.pdf, page 8>
File: All_traces.pdf Graphic file (type pdf)

<use All_traces.pdf, page 5>
File: All_traces.pdf Graphic file (type pdf)
 <use All_traces.pdf, page 6>
File: All_traces.pdf Graphic file (type pdf)

<use All_traces.pdf, page 7>
File: All_traces.pdf Graphic file (type pdf)
 <use All_traces.pdf, page 8> [8 <./All_traces.pdf> <./All_traces.pdf> <./All_t
races.pdf> <./All_traces.pdf> <./Beast_branchlenghts.jpg>] <All_traces.pdf, id=
213, page=9, 614.295pt x 794.97pt>
File: All_traces.pdf Graphic file (type pdf)

<use All_traces.pdf, page 9>
File: All_traces.pdf Graphic file (type pdf)
 <use All_traces.pdf, page 9>
<All_traces.pdf, id=214, page=10, 614.295pt x 794.97pt>
File: All_traces.pdf Graphic file (type pdf)

<use All_traces.pdf, page 10>
File: All_traces.pdf Graphic file (type pdf)
 <use All_traces.pdf, page 10>
<All_traces.pdf, id=215, page=11, 614.295pt x 794.97pt>
File: All_traces.pdf Graphic file (type pdf)

<use All_traces.pdf, page 11>
File: All_traces.pdf Graphic file (type pdf)
 <use All_traces.pdf, page 11>
<All_traces.pdf, id=216, page=12, 614.295pt x 794.97pt>
File: All_traces.pdf Graphic file (type pdf)

<use All_traces.pdf, page 12>
File: All_traces.pdf Graphic file (type pdf)
 <use All_traces.pdf, page 12>
File: All_traces.pdf Graphic file (type pdf)

<use All_traces.pdf, page 9>
File: All_traces.pdf Graphic file (type pdf)
 <use All_traces.pdf, page 10>
File: All_traces.pdf Graphic file (type pdf)

<use All_traces.pdf, page 11>
File: All_traces.pdf Graphic file (type pdf)
 <use All_traces.pdf, page 12> [9 <./All_traces.pdf> <./All_traces.pdf> <./All_
traces.pdf> <./All_traces.pdf>]
<All_traces.pdf, id=237, page=13, 614.295pt x 794.97pt>
File: All_traces.pdf Graphic file (type pdf)

<use All_traces.pdf, page 13>
File: All_traces.pdf Graphic file (type pdf)
 <use All_traces.pdf, page 13>
<All_traces.pdf, id=238, page=14, 614.295pt x 794.97pt>
File: All_traces.pdf Graphic file (type pdf)

<use All_traces.pdf, page 14>
File: All_traces.pdf Graphic file (type pdf)
 <use All_traces.pdf, page 14>
<All_traces.pdf, id=239, page=15, 614.295pt x 794.97pt>
File: All_traces.pdf Graphic file (type pdf)

<use All_traces.pdf, page 15>
File: All_traces.pdf Graphic file (type pdf)
 <use All_traces.pdf, page 15>
<All_traces.pdf, id=240, page=16, 614.295pt x 794.97pt>
File: All_traces.pdf Graphic file (type pdf)

<use All_traces.pdf, page 16>
File: All_traces.pdf Graphic file (type pdf)
 <use All_traces.pdf, page 16>
File: All_traces.pdf Graphic file (type pdf)

<use All_traces.pdf, page 13>
File: All_traces.pdf Graphic file (type pdf)
 <use All_traces.pdf, page 14>
File: All_traces.pdf Graphic file (type pdf)

<use All_traces.pdf, page 15>
File: All_traces.pdf Graphic file (type pdf)
 <use All_traces.pdf, page 16> [10 <./All_traces.pdf> <./All_traces.pdf> <./All
_traces.pdf> <./All_traces.pdf>]
<All_traces.pdf, id=261, page=17, 614.295pt x 794.97pt>
File: All_traces.pdf Graphic file (type pdf)

<use All_traces.pdf, page 17>
File: All_traces.pdf Graphic file (type pdf)
 <use All_traces.pdf, page 17>
<All_traces.pdf, id=262, page=18, 614.295pt x 794.97pt>
File: All_traces.pdf Graphic file (type pdf)

<use All_traces.pdf, page 18>
File: All_traces.pdf Graphic file (type pdf)
 <use All_traces.pdf, page 18>
<All_traces.pdf, id=263, page=19, 614.295pt x 794.97pt>
File: All_traces.pdf Graphic file (type pdf)

<use All_traces.pdf, page 19>
File: All_traces.pdf Graphic file (type pdf)
 <use All_traces.pdf, page 19>
<All_traces.pdf, id=264, page=20, 614.295pt x 794.97pt>
File: All_traces.pdf Graphic file (type pdf)

<use All_traces.pdf, page 20>
File: All_traces.pdf Graphic file (type pdf)
 <use All_traces.pdf, page 20>
File: All_traces.pdf Graphic file (type pdf)

<use All_traces.pdf, page 17>
File: All_traces.pdf Graphic file (type pdf)
 <use All_traces.pdf, page 18>
File: All_traces.pdf Graphic file (type pdf)

<use All_traces.pdf, page 19>
File: All_traces.pdf Graphic file (type pdf)
 <use All_traces.pdf, page 20> [11 <./All_traces.pdf> <./All_traces.pdf> <./All
_traces.pdf> <./All_traces.pdf>]
<All_traces.pdf, id=285, page=21, 614.295pt x 794.97pt>
File: All_traces.pdf Graphic file (type pdf)

<use All_traces.pdf, page 21>
File: All_traces.pdf Graphic file (type pdf)
 <use All_traces.pdf, page 21>
<All_traces.pdf, id=286, page=22, 614.295pt x 794.97pt>
File: All_traces.pdf Graphic file (type pdf)

<use All_traces.pdf, page 22>
File: All_traces.pdf Graphic file (type pdf)
 <use All_traces.pdf, page 22>
<All_traces.pdf, id=287, page=23, 614.295pt x 794.97pt>
File: All_traces.pdf Graphic file (type pdf)

<use All_traces.pdf, page 23>
File: All_traces.pdf Graphic file (type pdf)
 <use All_traces.pdf, page 23>
<All_traces.pdf, id=288, page=24, 614.295pt x 794.97pt>
File: All_traces.pdf Graphic file (type pdf)

<use All_traces.pdf, page 24>
File: All_traces.pdf Graphic file (type pdf)
 <use All_traces.pdf, page 24>
File: All_traces.pdf Graphic file (type pdf)

<use All_traces.pdf, page 21>
File: All_traces.pdf Graphic file (type pdf)
 <use All_traces.pdf, page 22>
File: All_traces.pdf Graphic file (type pdf)

<use All_traces.pdf, page 23>
File: All_traces.pdf Graphic file (type pdf)
 <use All_traces.pdf, page 24> [12 <./All_traces.pdf> <./All_traces.pdf> <./All
_traces.pdf> <./All_traces.pdf>]
<All_traces.pdf, id=309, page=25, 614.295pt x 794.97pt>
File: All_traces.pdf Graphic file (type pdf)

<use All_traces.pdf, page 25>
File: All_traces.pdf Graphic file (type pdf)
 <use All_traces.pdf, page 25>
<All_traces.pdf, id=310, page=26, 614.295pt x 794.97pt>
File: All_traces.pdf Graphic file (type pdf)

<use All_traces.pdf, page 26>
File: All_traces.pdf Graphic file (type pdf)
 <use All_traces.pdf, page 26>
<All_traces.pdf, id=311, page=27, 614.295pt x 794.97pt>
File: All_traces.pdf Graphic file (type pdf)

<use All_traces.pdf, page 27>
File: All_traces.pdf Graphic file (type pdf)
 <use All_traces.pdf, page 27>
<All_traces.pdf, id=312, page=28, 614.295pt x 794.97pt>
File: All_traces.pdf Graphic file (type pdf)

<use All_traces.pdf, page 28>
File: All_traces.pdf Graphic file (type pdf)
 <use All_traces.pdf, page 28>
File: All_traces.pdf Graphic file (type pdf)

<use All_traces.pdf, page 25>
File: All_traces.pdf Graphic file (type pdf)
 <use All_traces.pdf, page 26>
File: All_traces.pdf Graphic file (type pdf)

<use All_traces.pdf, page 27>
File: All_traces.pdf Graphic file (type pdf)
 <use All_traces.pdf, page 28> [13 <./All_traces.pdf> <./All_traces.pdf> <./All
_traces.pdf> <./All_traces.pdf>]
<All_traces.pdf, id=334, page=29, 614.295pt x 794.97pt>
File: All_traces.pdf Graphic file (type pdf)

<use All_traces.pdf, page 29>
File: All_traces.pdf Graphic file (type pdf)
 <use All_traces.pdf, page 29>
<All_traces.pdf, id=335, page=30, 614.295pt x 794.97pt>
File: All_traces.pdf Graphic file (type pdf)

<use All_traces.pdf, page 30>
File: All_traces.pdf Graphic file (type pdf)
 <use All_traces.pdf, page 30>
<All_traces.pdf, id=336, page=31, 614.295pt x 794.97pt>
File: All_traces.pdf Graphic file (type pdf)

<use All_traces.pdf, page 31>
File: All_traces.pdf Graphic file (type pdf)
 <use All_traces.pdf, page 31>
<All_traces.pdf, id=337, page=32, 614.295pt x 794.97pt>
File: All_traces.pdf Graphic file (type pdf)

<use All_traces.pdf, page 32>
File: All_traces.pdf Graphic file (type pdf)
 <use All_traces.pdf, page 32>
File: All_traces.pdf Graphic file (type pdf)

<use All_traces.pdf, page 29>
File: All_traces.pdf Graphic file (type pdf)
 <use All_traces.pdf, page 30>
File: All_traces.pdf Graphic file (type pdf)

<use All_traces.pdf, page 31>
File: All_traces.pdf Graphic file (type pdf)
 <use All_traces.pdf, page 32> [14 <./All_traces.pdf> <./All_traces.pdf> <./All
_traces.pdf> <./All_traces.pdf>]
<All_traces.pdf, id=358, page=33, 614.295pt x 794.97pt>
File: All_traces.pdf Graphic file (type pdf)

<use All_traces.pdf, page 33>
File: All_traces.pdf Graphic file (type pdf)
 <use All_traces.pdf, page 33>
<All_traces.pdf, id=359, page=34, 614.295pt x 794.97pt>
File: All_traces.pdf Graphic file (type pdf)

<use All_traces.pdf, page 34>
File: All_traces.pdf Graphic file (type pdf)
 <use All_traces.pdf, page 34>
<All_traces.pdf, id=360, page=35, 614.295pt x 794.97pt>
File: All_traces.pdf Graphic file (type pdf)

<use All_traces.pdf, page 35>
File: All_traces.pdf Graphic file (type pdf)
 <use All_traces.pdf, page 35>
<All_traces.pdf, id=361, page=36, 614.295pt x 794.97pt>
File: All_traces.pdf Graphic file (type pdf)

<use All_traces.pdf, page 36>
File: All_traces.pdf Graphic file (type pdf)
 <use All_traces.pdf, page 36>
File: All_traces.pdf Graphic file (type pdf)

<use All_traces.pdf, page 33>
File: All_traces.pdf Graphic file (type pdf)
 <use All_traces.pdf, page 34>
File: All_traces.pdf Graphic file (type pdf)

<use All_traces.pdf, page 35>
File: All_traces.pdf Graphic file (type pdf)
 <use All_traces.pdf, page 36> [15 <./All_traces.pdf> <./All_traces.pdf> <./All
_traces.pdf> <./All_traces.pdf>]
Package color Info: Redefining color shadecolor on input line 238.
LaTeX Font Info:    Font shape `T1/cmtt/bx/n' in size <10> not available
(Font)              Font shape `T1/cmtt/m/n' tried instead on input line 240.

Overfull \hbox (27.659pt too wide) in paragraph at lines 263--263
[]\T1/cmtt/m/n/10 ## [1] stats     graphics  grDevices utils     datasets  meth
ods   base[] 
 []


Overfull \hbox (1.4154pt too wide) in paragraph at lines 263--263
[]\T1/cmtt/m/n/10 ## [5] lattice_0.20-24 nlme_3.1-111    stringr_0.6.2   tools_
3.0.2[] 
 []

(./lineages.bbl [16]) [17] (./lineages.aux)

LaTeX Warning: There were undefined references.

 ) 
Here is how much of TeX's memory you used:
 5911 strings out of 495061
 86808 string characters out of 1182622
 153388 words of memory out of 3000000
 8927 multiletter control sequences out of 15000+50000
 13452 words of font info for 33 fonts, out of 3000000 for 9000
 28 hyphenation exceptions out of 8191
 38i,16n,37p,811b,421s stack positions out of 5000i,500n,10000p,200000b,50000s
 </home/likewise-open/USDA-ARS/knausb/.texmf-var/fonts/pk/ljfour/jknappen/ec/
ecbx1200.600pk> </home/likewise-open/USDA-ARS/knausb/.texmf-var/fonts/pk/ljfour
/jknappen/ec/ecti1000.600pk> </home/likewise-open/USDA-ARS/knausb/.texmf-var/fo
nts/pk/ljfour/jknappen/ec/ectt1000.600pk> </home/likewise-open/USDA-ARS/knausb/
.texmf-var/fonts/pk/ljfour/jknappen/ec/ecbx1000.600pk> </home/likewise-open/USD
A-ARS/knausb/.texmf-var/fonts/pk/ljfour/jknappen/ec/ecbx1440.600pk> </home/like
wise-open/USDA-ARS/knausb/.texmf-var/fonts/pk/ljfour/jknappen/ec/ecrm1000.600pk
> </home/likewise-open/USDA-ARS/knausb/.texmf-var/fonts/pk/ljfour/jknappen/ec/e
crm1200.600pk> </home/likewise-open/USDA-ARS/knausb/.texmf-var/fonts/pk/ljfour/
jknappen/ec/ecti1728.600pk> </home/likewise-open/USDA-ARS/knausb/.texmf-var/fon
ts/pk/ljfour/jknappen/ec/ecrm1728.600pk>
Output written on lineages.pdf (17 pages, 1790193 bytes).
PDF statistics:
 759 PDF objects out of 1000 (max. 8388607)
 44 named destinations out of 1000 (max. 500000)
 275 words of extra memory for PDF output out of 10000 (max. 10000000)

